Person Info File Init Done
Person Faiss Init Done
Caffe person Net Init Done
[libprotobuf WARNING google/protobuf/io/coded_stream.cc:537] Reading dangerously large protocol message.  If the message turns out to be larger than 2147483647 bytes, parsing will be halted for security reasons.  To increase the limit (or to disable these warnings), see CodedInputStream::SetTotalBytesLimit() in google/protobuf/io/coded_stream.h.
[libprotobuf WARNING google/protobuf/io/coded_stream.cc:78] The total number of bytes read was 641833198
Binary Caffe Net Init Done
Server Begin
accept client 172.17.0.3
20171228023229.jpg 1 512
GPU Init Done
batch size: 1
Successfully
start
done 371
num_find 300
done sort
Server Ip: 172.17.0.3 done
accept client 172.17.0.3
20171228092111.jpg 1 512
GPU Init Done
batch size: 1
Successfully
start
done 371
num_find 300
done sort
Server Ip: 172.17.0.3 done
accept client 172.17.0.3
20171228092138.jpg 1 512
GPU Init Done
batch size: 1
Successfully
start
done 371
num_find 300
done sort
Server Ip: 172.17.0.3 done
accept client 172.17.0.3
20171228092301.jpg 1 512
GPU Init Done
batch size: 1
Successfully
start
done 371
num_find 300
done sort
